<?xml version="1.0" encoding="UTF-8"?>
<!-- Generated by org.testng.reporters.JUnitReportReporter -->
<testsuite skipped="0" hostname="ADMIN-PC" name="com.cucumber.test.TestRunner" tests="1" failures="0" timestamp="2019-11-11T17:30:17 IST" time="67.398" errors="0">
  <testcase name="runScenario" time="67.398" classname="com.cucumber.test.TestRunner"/>
</testsuite> <!-- com.cucumber.test.TestRunner -->
